2020-02-05 15:57:58,764 INFO [org.springframework.test.context.support.DefaultTestContextBootstrapper] - Loaded default TestExecutionListener class names from location [META-INF/spring.factories]: [org.springframework.test.context.web.ServletTestExecutionListener, org.springframework.test.context.support.DirtiesContextBeforeModesTestExecutionListener, org.springframework.test.context.support.DependencyInjectionTestExecutionListener, org.springframework.test.context.support.DirtiesContextTestExecutionListener, org.springframework.test.context.transaction.TransactionalTestExecutionListener, org.springframework.test.context.jdbc.SqlScriptsTestExecutionListener]
2020-02-05 15:57:58,776 INFO [org.springframework.test.context.support.DefaultTestContextBootstrapper] - Using TestExecutionListeners: [org.springframework.test.context.web.ServletTestExecutionListener@724af044, org.springframework.test.context.support.DirtiesContextBeforeModesTestExecutionListener@4678c730, org.springframework.test.context.support.DependencyInjectionTestExecutionListener@6767c1fc, org.springframework.test.context.support.DirtiesContextTestExecutionListener@29ee9faa, org.springframework.test.context.transaction.TransactionalTestExecutionListener@c038203, org.springframework.test.context.jdbc.SqlScriptsTestExecutionListener@cc285f4]
2020-02-05 15:57:58,830 INFO [org.springframework.beans.factory.xml.XmlBeanDefinitionReader] - Loading XML bean definitions from class path resource [spring-context.xml]
2020-02-05 15:57:58,962 INFO [org.springframework.beans.factory.xml.XmlBeanDefinitionReader] - Loading XML bean definitions from class path resource [spring-context-druid.xml]
2020-02-05 15:57:58,981 INFO [org.springframework.beans.factory.xml.XmlBeanDefinitionReader] - Loading XML bean definitions from class path resource [spring-context-mybatis.xml]
2020-02-05 15:57:58,994 INFO [org.springframework.context.support.GenericApplicationContext] - Refreshing org.springframework.context.support.GenericApplicationContext@29ca901e: startup date [Wed Feb 05 15:57:58 CST 2020]; root of context hierarchy
2020-02-05 15:57:59,623 INFO [com.alibaba.druid.pool.DruidDataSource] - {dataSource-1} inited
2020-02-05 15:58:00,032 INFO [org.springframework.context.support.GenericApplicationContext] - Closing org.springframework.context.support.GenericApplicationContext@29ca901e: startup date [Wed Feb 05 15:57:58 CST 2020]; root of context hierarchy
2020-02-05 15:58:00,036 INFO [com.alibaba.druid.pool.DruidDataSource] - {dataSource-1} closed
2020-02-05 15:58:34,390 INFO [org.springframework.test.context.support.DefaultTestContextBootstrapper] - Loaded default TestExecutionListener class names from location [META-INF/spring.factories]: [org.springframework.test.context.web.ServletTestExecutionListener, org.springframework.test.context.support.DirtiesContextBeforeModesTestExecutionListener, org.springframework.test.context.support.DependencyInjectionTestExecutionListener, org.springframework.test.context.support.DirtiesContextTestExecutionListener, org.springframework.test.context.transaction.TransactionalTestExecutionListener, org.springframework.test.context.jdbc.SqlScriptsTestExecutionListener]
2020-02-05 15:58:34,401 INFO [org.springframework.test.context.support.DefaultTestContextBootstrapper] - Using TestExecutionListeners: [org.springframework.test.context.web.ServletTestExecutionListener@724af044, org.springframework.test.context.support.DirtiesContextBeforeModesTestExecutionListener@4678c730, org.springframework.test.context.support.DependencyInjectionTestExecutionListener@6767c1fc, org.springframework.test.context.support.DirtiesContextTestExecutionListener@29ee9faa, org.springframework.test.context.transaction.TransactionalTestExecutionListener@c038203, org.springframework.test.context.jdbc.SqlScriptsTestExecutionListener@cc285f4]
2020-02-05 15:58:34,451 INFO [org.springframework.beans.factory.xml.XmlBeanDefinitionReader] - Loading XML bean definitions from class path resource [spring-context.xml]
2020-02-05 15:58:34,584 INFO [org.springframework.beans.factory.xml.XmlBeanDefinitionReader] - Loading XML bean definitions from class path resource [spring-context-druid.xml]
2020-02-05 15:58:34,604 INFO [org.springframework.beans.factory.xml.XmlBeanDefinitionReader] - Loading XML bean definitions from class path resource [spring-context-mybatis.xml]
2020-02-05 15:58:34,617 INFO [org.springframework.context.support.GenericApplicationContext] - Refreshing org.springframework.context.support.GenericApplicationContext@29ca901e: startup date [Wed Feb 05 15:58:34 CST 2020]; root of context hierarchy
2020-02-05 15:58:35,415 INFO [com.alibaba.druid.pool.DruidDataSource] - {dataSource-1} inited
2020-02-05 15:58:35,736 INFO [org.springframework.context.support.GenericApplicationContext] - Closing org.springframework.context.support.GenericApplicationContext@29ca901e: startup date [Wed Feb 05 15:58:34 CST 2020]; root of context hierarchy
2020-02-05 15:58:35,740 INFO [com.alibaba.druid.pool.DruidDataSource] - {dataSource-1} closed
2020-02-05 16:06:33,967 INFO [org.springframework.test.context.support.DefaultTestContextBootstrapper] - Loaded default TestExecutionListener class names from location [META-INF/spring.factories]: [org.springframework.test.context.web.ServletTestExecutionListener, org.springframework.test.context.support.DirtiesContextBeforeModesTestExecutionListener, org.springframework.test.context.support.DependencyInjectionTestExecutionListener, org.springframework.test.context.support.DirtiesContextTestExecutionListener, org.springframework.test.context.transaction.TransactionalTestExecutionListener, org.springframework.test.context.jdbc.SqlScriptsTestExecutionListener]
2020-02-05 16:06:33,980 INFO [org.springframework.test.context.support.DefaultTestContextBootstrapper] - Using TestExecutionListeners: [org.springframework.test.context.web.ServletTestExecutionListener@724af044, org.springframework.test.context.support.DirtiesContextBeforeModesTestExecutionListener@4678c730, org.springframework.test.context.support.DependencyInjectionTestExecutionListener@6767c1fc, org.springframework.test.context.support.DirtiesContextTestExecutionListener@29ee9faa, org.springframework.test.context.transaction.TransactionalTestExecutionListener@c038203, org.springframework.test.context.jdbc.SqlScriptsTestExecutionListener@cc285f4]
2020-02-05 16:06:34,032 INFO [org.springframework.beans.factory.xml.XmlBeanDefinitionReader] - Loading XML bean definitions from class path resource [spring-context.xml]
2020-02-05 16:06:34,168 INFO [org.springframework.beans.factory.xml.XmlBeanDefinitionReader] - Loading XML bean definitions from class path resource [spring-context-druid.xml]
2020-02-05 16:06:34,189 INFO [org.springframework.beans.factory.xml.XmlBeanDefinitionReader] - Loading XML bean definitions from class path resource [spring-context-mybatis.xml]
2020-02-05 16:06:34,202 INFO [org.springframework.context.support.GenericApplicationContext] - Refreshing org.springframework.context.support.GenericApplicationContext@29ca901e: startup date [Wed Feb 05 16:06:34 CST 2020]; root of context hierarchy
2020-02-05 16:06:34,851 INFO [com.alibaba.druid.pool.DruidDataSource] - {dataSource-1} inited
2020-02-05 16:06:35,148 INFO [org.springframework.context.support.GenericApplicationContext] - Closing org.springframework.context.support.GenericApplicationContext@29ca901e: startup date [Wed Feb 05 16:06:34 CST 2020]; root of context hierarchy
2020-02-05 16:06:35,152 INFO [com.alibaba.druid.pool.DruidDataSource] - {dataSource-1} closed
2020-02-05 16:08:22,761 INFO [org.springframework.test.context.support.DefaultTestContextBootstrapper] - Loaded default TestExecutionListener class names from location [META-INF/spring.factories]: [org.springframework.test.context.web.ServletTestExecutionListener, org.springframework.test.context.support.DirtiesContextBeforeModesTestExecutionListener, org.springframework.test.context.support.DependencyInjectionTestExecutionListener, org.springframework.test.context.support.DirtiesContextTestExecutionListener, org.springframework.test.context.transaction.TransactionalTestExecutionListener, org.springframework.test.context.jdbc.SqlScriptsTestExecutionListener]
2020-02-05 16:08:22,773 INFO [org.springframework.test.context.support.DefaultTestContextBootstrapper] - Using TestExecutionListeners: [org.springframework.test.context.web.ServletTestExecutionListener@724af044, org.springframework.test.context.support.DirtiesContextBeforeModesTestExecutionListener@4678c730, org.springframework.test.context.support.DependencyInjectionTestExecutionListener@6767c1fc, org.springframework.test.context.support.DirtiesContextTestExecutionListener@29ee9faa, org.springframework.test.context.transaction.TransactionalTestExecutionListener@c038203, org.springframework.test.context.jdbc.SqlScriptsTestExecutionListener@cc285f4]
2020-02-05 16:08:22,828 INFO [org.springframework.beans.factory.xml.XmlBeanDefinitionReader] - Loading XML bean definitions from class path resource [spring-context.xml]
2020-02-05 16:08:22,971 INFO [org.springframework.beans.factory.xml.XmlBeanDefinitionReader] - Loading XML bean definitions from class path resource [spring-context-druid.xml]
2020-02-05 16:08:22,993 INFO [org.springframework.beans.factory.xml.XmlBeanDefinitionReader] - Loading XML bean definitions from class path resource [spring-context-mybatis.xml]
2020-02-05 16:08:23,006 INFO [org.springframework.context.support.GenericApplicationContext] - Refreshing org.springframework.context.support.GenericApplicationContext@29ca901e: startup date [Wed Feb 05 16:08:23 CST 2020]; root of context hierarchy
2020-02-05 16:08:23,836 INFO [com.alibaba.druid.pool.DruidDataSource] - {dataSource-1} inited
2020-02-05 16:08:24,275 INFO [org.springframework.context.support.GenericApplicationContext] - Closing org.springframework.context.support.GenericApplicationContext@29ca901e: startup date [Wed Feb 05 16:08:23 CST 2020]; root of context hierarchy
2020-02-05 16:08:24,279 INFO [com.alibaba.druid.pool.DruidDataSource] - {dataSource-1} closed
2020-02-05 16:12:13,954 INFO [org.springframework.test.context.support.DefaultTestContextBootstrapper] - Loaded default TestExecutionListener class names from location [META-INF/spring.factories]: [org.springframework.test.context.web.ServletTestExecutionListener, org.springframework.test.context.support.DirtiesContextBeforeModesTestExecutionListener, org.springframework.test.context.support.DependencyInjectionTestExecutionListener, org.springframework.test.context.support.DirtiesContextTestExecutionListener, org.springframework.test.context.transaction.TransactionalTestExecutionListener, org.springframework.test.context.jdbc.SqlScriptsTestExecutionListener]
2020-02-05 16:12:13,966 INFO [org.springframework.test.context.support.DefaultTestContextBootstrapper] - Using TestExecutionListeners: [org.springframework.test.context.web.ServletTestExecutionListener@724af044, org.springframework.test.context.support.DirtiesContextBeforeModesTestExecutionListener@4678c730, org.springframework.test.context.support.DependencyInjectionTestExecutionListener@6767c1fc, org.springframework.test.context.support.DirtiesContextTestExecutionListener@29ee9faa, org.springframework.test.context.transaction.TransactionalTestExecutionListener@c038203, org.springframework.test.context.jdbc.SqlScriptsTestExecutionListener@cc285f4]
2020-02-05 16:12:14,019 INFO [org.springframework.beans.factory.xml.XmlBeanDefinitionReader] - Loading XML bean definitions from class path resource [spring-context.xml]
2020-02-05 16:12:14,165 INFO [org.springframework.beans.factory.xml.XmlBeanDefinitionReader] - Loading XML bean definitions from class path resource [spring-context-druid.xml]
2020-02-05 16:12:14,186 INFO [org.springframework.beans.factory.xml.XmlBeanDefinitionReader] - Loading XML bean definitions from class path resource [spring-context-mybatis.xml]
2020-02-05 16:12:14,201 INFO [org.springframework.context.support.GenericApplicationContext] - Refreshing org.springframework.context.support.GenericApplicationContext@29ca901e: startup date [Wed Feb 05 16:12:14 CST 2020]; root of context hierarchy
2020-02-05 16:12:15,445 INFO [com.alibaba.druid.pool.DruidDataSource] - {dataSource-1} inited
2020-02-05 16:12:15,773 INFO [org.springframework.context.support.GenericApplicationContext] - Closing org.springframework.context.support.GenericApplicationContext@29ca901e: startup date [Wed Feb 05 16:12:14 CST 2020]; root of context hierarchy
2020-02-05 16:12:15,776 INFO [com.alibaba.druid.pool.DruidDataSource] - {dataSource-1} closed
2020-02-05 16:16:56,886 INFO [org.springframework.test.context.support.DefaultTestContextBootstrapper] - Loaded default TestExecutionListener class names from location [META-INF/spring.factories]: [org.springframework.test.context.web.ServletTestExecutionListener, org.springframework.test.context.support.DirtiesContextBeforeModesTestExecutionListener, org.springframework.test.context.support.DependencyInjectionTestExecutionListener, org.springframework.test.context.support.DirtiesContextTestExecutionListener, org.springframework.test.context.transaction.TransactionalTestExecutionListener, org.springframework.test.context.jdbc.SqlScriptsTestExecutionListener]
2020-02-05 16:16:56,896 INFO [org.springframework.test.context.support.DefaultTestContextBootstrapper] - Using TestExecutionListeners: [org.springframework.test.context.web.ServletTestExecutionListener@724af044, org.springframework.test.context.support.DirtiesContextBeforeModesTestExecutionListener@4678c730, org.springframework.test.context.support.DependencyInjectionTestExecutionListener@6767c1fc, org.springframework.test.context.support.DirtiesContextTestExecutionListener@29ee9faa, org.springframework.test.context.transaction.TransactionalTestExecutionListener@c038203, org.springframework.test.context.jdbc.SqlScriptsTestExecutionListener@cc285f4]
2020-02-05 16:16:56,950 INFO [org.springframework.beans.factory.xml.XmlBeanDefinitionReader] - Loading XML bean definitions from class path resource [spring-context.xml]
2020-02-05 16:16:57,090 INFO [org.springframework.beans.factory.xml.XmlBeanDefinitionReader] - Loading XML bean definitions from class path resource [spring-context-druid.xml]
2020-02-05 16:16:57,114 INFO [org.springframework.beans.factory.xml.XmlBeanDefinitionReader] - Loading XML bean definitions from class path resource [spring-context-mybatis.xml]
2020-02-05 16:16:57,129 INFO [org.springframework.context.support.GenericApplicationContext] - Refreshing org.springframework.context.support.GenericApplicationContext@29ca901e: startup date [Wed Feb 05 16:16:57 CST 2020]; root of context hierarchy
2020-02-05 16:16:57,830 INFO [com.alibaba.druid.pool.DruidDataSource] - {dataSource-1} inited
2020-02-05 16:16:58,150 INFO [org.springframework.context.support.GenericApplicationContext] - Closing org.springframework.context.support.GenericApplicationContext@29ca901e: startup date [Wed Feb 05 16:16:57 CST 2020]; root of context hierarchy
2020-02-05 16:16:58,153 INFO [com.alibaba.druid.pool.DruidDataSource] - {dataSource-1} closed
2020-02-05 16:18:38,457 INFO [org.springframework.test.context.support.DefaultTestContextBootstrapper] - Loaded default TestExecutionListener class names from location [META-INF/spring.factories]: [org.springframework.test.context.web.ServletTestExecutionListener, org.springframework.test.context.support.DirtiesContextBeforeModesTestExecutionListener, org.springframework.test.context.support.DependencyInjectionTestExecutionListener, org.springframework.test.context.support.DirtiesContextTestExecutionListener, org.springframework.test.context.transaction.TransactionalTestExecutionListener, org.springframework.test.context.jdbc.SqlScriptsTestExecutionListener]
2020-02-05 16:18:38,468 INFO [org.springframework.test.context.support.DefaultTestContextBootstrapper] - Using TestExecutionListeners: [org.springframework.test.context.web.ServletTestExecutionListener@724af044, org.springframework.test.context.support.DirtiesContextBeforeModesTestExecutionListener@4678c730, org.springframework.test.context.support.DependencyInjectionTestExecutionListener@6767c1fc, org.springframework.test.context.support.DirtiesContextTestExecutionListener@29ee9faa, org.springframework.test.context.transaction.TransactionalTestExecutionListener@c038203, org.springframework.test.context.jdbc.SqlScriptsTestExecutionListener@cc285f4]
2020-02-05 16:18:38,523 INFO [org.springframework.beans.factory.xml.XmlBeanDefinitionReader] - Loading XML bean definitions from class path resource [spring-context.xml]
2020-02-05 16:18:38,661 INFO [org.springframework.beans.factory.xml.XmlBeanDefinitionReader] - Loading XML bean definitions from class path resource [spring-context-druid.xml]
2020-02-05 16:18:38,681 INFO [org.springframework.beans.factory.xml.XmlBeanDefinitionReader] - Loading XML bean definitions from class path resource [spring-context-mybatis.xml]
2020-02-05 16:18:38,694 INFO [org.springframework.context.support.GenericApplicationContext] - Refreshing org.springframework.context.support.GenericApplicationContext@29ca901e: startup date [Wed Feb 05 16:18:38 CST 2020]; root of context hierarchy
2020-02-05 16:18:39,378 INFO [com.alibaba.druid.pool.DruidDataSource] - {dataSource-1} inited
2020-02-05 16:18:39,737 INFO [org.springframework.beans.factory.xml.XmlBeanDefinitionReader] - Loading XML bean definitions from class path resource [org/springframework/jdbc/support/sql-error-codes.xml]
2020-02-05 16:18:39,757 INFO [org.springframework.jdbc.support.SQLErrorCodesFactory] - SQLErrorCodes loaded: [DB2, Derby, H2, HDB, HSQL, Informix, MS-SQL, MySQL, Oracle, PostgreSQL, Sybase]
2020-02-05 16:18:39,767 INFO [org.springframework.context.support.GenericApplicationContext] - Closing org.springframework.context.support.GenericApplicationContext@29ca901e: startup date [Wed Feb 05 16:18:38 CST 2020]; root of context hierarchy
2020-02-05 16:18:39,771 INFO [com.alibaba.druid.pool.DruidDataSource] - {dataSource-1} closed
2020-02-05 16:20:50,049 INFO [org.springframework.test.context.support.DefaultTestContextBootstrapper] - Loaded default TestExecutionListener class names from location [META-INF/spring.factories]: [org.springframework.test.context.web.ServletTestExecutionListener, org.springframework.test.context.support.DirtiesContextBeforeModesTestExecutionListener, org.springframework.test.context.support.DependencyInjectionTestExecutionListener, org.springframework.test.context.support.DirtiesContextTestExecutionListener, org.springframework.test.context.transaction.TransactionalTestExecutionListener, org.springframework.test.context.jdbc.SqlScriptsTestExecutionListener]
2020-02-05 16:20:50,062 INFO [org.springframework.test.context.support.DefaultTestContextBootstrapper] - Using TestExecutionListeners: [org.springframework.test.context.web.ServletTestExecutionListener@7fc2413d, org.springframework.test.context.support.DirtiesContextBeforeModesTestExecutionListener@f8c1ddd, org.springframework.test.context.support.DependencyInjectionTestExecutionListener@70be0a2b, org.springframework.test.context.support.DirtiesContextTestExecutionListener@2133814f, org.springframework.test.context.transaction.TransactionalTestExecutionListener@4c15e7fd, org.springframework.test.context.jdbc.SqlScriptsTestExecutionListener@23986957]
2020-02-05 16:20:50,127 INFO [org.springframework.beans.factory.xml.XmlBeanDefinitionReader] - Loading XML bean definitions from class path resource [spring-context.xml]
2020-02-05 16:20:50,282 INFO [org.springframework.beans.factory.xml.XmlBeanDefinitionReader] - Loading XML bean definitions from class path resource [spring-context-druid.xml]
2020-02-05 16:20:50,303 INFO [org.springframework.beans.factory.xml.XmlBeanDefinitionReader] - Loading XML bean definitions from class path resource [spring-context-mybatis.xml]
2020-02-05 16:20:50,317 INFO [org.springframework.context.support.GenericApplicationContext] - Refreshing org.springframework.context.support.GenericApplicationContext@1622f1b: startup date [Wed Feb 05 16:20:50 CST 2020]; root of context hierarchy
2020-02-05 16:20:51,068 INFO [com.alibaba.druid.pool.DruidDataSource] - {dataSource-1} inited
2020-02-05 16:21:41,561 INFO [org.springframework.context.support.GenericApplicationContext] - Closing org.springframework.context.support.GenericApplicationContext@1622f1b: startup date [Wed Feb 05 16:20:50 CST 2020]; root of context hierarchy
2020-02-05 16:21:41,564 INFO [com.alibaba.druid.pool.DruidDataSource] - {dataSource-1} closed
2020-02-05 16:21:44,955 INFO [org.springframework.test.context.support.DefaultTestContextBootstrapper] - Loaded default TestExecutionListener class names from location [META-INF/spring.factories]: [org.springframework.test.context.web.ServletTestExecutionListener, org.springframework.test.context.support.DirtiesContextBeforeModesTestExecutionListener, org.springframework.test.context.support.DependencyInjectionTestExecutionListener, org.springframework.test.context.support.DirtiesContextTestExecutionListener, org.springframework.test.context.transaction.TransactionalTestExecutionListener, org.springframework.test.context.jdbc.SqlScriptsTestExecutionListener]
2020-02-05 16:21:44,966 INFO [org.springframework.test.context.support.DefaultTestContextBootstrapper] - Using TestExecutionListeners: [org.springframework.test.context.web.ServletTestExecutionListener@724af044, org.springframework.test.context.support.DirtiesContextBeforeModesTestExecutionListener@4678c730, org.springframework.test.context.support.DependencyInjectionTestExecutionListener@6767c1fc, org.springframework.test.context.support.DirtiesContextTestExecutionListener@29ee9faa, org.springframework.test.context.transaction.TransactionalTestExecutionListener@c038203, org.springframework.test.context.jdbc.SqlScriptsTestExecutionListener@cc285f4]
2020-02-05 16:21:45,020 INFO [org.springframework.beans.factory.xml.XmlBeanDefinitionReader] - Loading XML bean definitions from class path resource [spring-context.xml]
2020-02-05 16:21:45,160 INFO [org.springframework.beans.factory.xml.XmlBeanDefinitionReader] - Loading XML bean definitions from class path resource [spring-context-druid.xml]
2020-02-05 16:21:45,180 INFO [org.springframework.beans.factory.xml.XmlBeanDefinitionReader] - Loading XML bean definitions from class path resource [spring-context-mybatis.xml]
2020-02-05 16:21:45,193 INFO [org.springframework.context.support.GenericApplicationContext] - Refreshing org.springframework.context.support.GenericApplicationContext@29ca901e: startup date [Wed Feb 05 16:21:45 CST 2020]; root of context hierarchy
2020-02-05 16:21:46,956 INFO [com.alibaba.druid.pool.DruidDataSource] - {dataSource-1} inited
2020-02-05 16:21:47,227 INFO [org.springframework.beans.factory.xml.XmlBeanDefinitionReader] - Loading XML bean definitions from class path resource [org/springframework/jdbc/support/sql-error-codes.xml]
2020-02-05 16:21:47,246 INFO [org.springframework.jdbc.support.SQLErrorCodesFactory] - SQLErrorCodes loaded: [DB2, Derby, H2, HDB, HSQL, Informix, MS-SQL, MySQL, Oracle, PostgreSQL, Sybase]
2020-02-05 16:21:47,255 INFO [org.springframework.context.support.GenericApplicationContext] - Closing org.springframework.context.support.GenericApplicationContext@29ca901e: startup date [Wed Feb 05 16:21:45 CST 2020]; root of context hierarchy
2020-02-05 16:21:47,258 INFO [com.alibaba.druid.pool.DruidDataSource] - {dataSource-1} closed
2020-02-05 16:22:19,814 INFO [org.springframework.test.context.support.DefaultTestContextBootstrapper] - Loaded default TestExecutionListener class names from location [META-INF/spring.factories]: [org.springframework.test.context.web.ServletTestExecutionListener, org.springframework.test.context.support.DirtiesContextBeforeModesTestExecutionListener, org.springframework.test.context.support.DependencyInjectionTestExecutionListener, org.springframework.test.context.support.DirtiesContextTestExecutionListener, org.springframework.test.context.transaction.TransactionalTestExecutionListener, org.springframework.test.context.jdbc.SqlScriptsTestExecutionListener]
2020-02-05 16:22:19,827 INFO [org.springframework.test.context.support.DefaultTestContextBootstrapper] - Using TestExecutionListeners: [org.springframework.test.context.web.ServletTestExecutionListener@7fc2413d, org.springframework.test.context.support.DirtiesContextBeforeModesTestExecutionListener@f8c1ddd, org.springframework.test.context.support.DependencyInjectionTestExecutionListener@70be0a2b, org.springframework.test.context.support.DirtiesContextTestExecutionListener@2133814f, org.springframework.test.context.transaction.TransactionalTestExecutionListener@4c15e7fd, org.springframework.test.context.jdbc.SqlScriptsTestExecutionListener@23986957]
2020-02-05 16:22:19,889 INFO [org.springframework.beans.factory.xml.XmlBeanDefinitionReader] - Loading XML bean definitions from class path resource [spring-context.xml]
2020-02-05 16:22:20,039 INFO [org.springframework.beans.factory.xml.XmlBeanDefinitionReader] - Loading XML bean definitions from class path resource [spring-context-druid.xml]
2020-02-05 16:22:20,061 INFO [org.springframework.beans.factory.xml.XmlBeanDefinitionReader] - Loading XML bean definitions from class path resource [spring-context-mybatis.xml]
2020-02-05 16:22:20,075 INFO [org.springframework.context.support.GenericApplicationContext] - Refreshing org.springframework.context.support.GenericApplicationContext@1622f1b: startup date [Wed Feb 05 16:22:20 CST 2020]; root of context hierarchy
2020-02-05 16:22:21,728 INFO [com.alibaba.druid.pool.DruidDataSource] - {dataSource-1} inited
2020-02-05 16:22:22,080 INFO [org.springframework.beans.factory.xml.XmlBeanDefinitionReader] - Loading XML bean definitions from class path resource [org/springframework/jdbc/support/sql-error-codes.xml]
2020-02-05 16:22:22,101 INFO [org.springframework.jdbc.support.SQLErrorCodesFactory] - SQLErrorCodes loaded: [DB2, Derby, H2, HDB, HSQL, Informix, MS-SQL, MySQL, Oracle, PostgreSQL, Sybase]
2020-02-05 16:22:22,111 INFO [org.springframework.context.support.GenericApplicationContext] - Closing org.springframework.context.support.GenericApplicationContext@1622f1b: startup date [Wed Feb 05 16:22:20 CST 2020]; root of context hierarchy
2020-02-05 16:22:22,115 INFO [com.alibaba.druid.pool.DruidDataSource] - {dataSource-1} closed
2020-02-05 16:23:24,035 INFO [org.springframework.test.context.support.DefaultTestContextBootstrapper] - Loaded default TestExecutionListener class names from location [META-INF/spring.factories]: [org.springframework.test.context.web.ServletTestExecutionListener, org.springframework.test.context.support.DirtiesContextBeforeModesTestExecutionListener, org.springframework.test.context.support.DependencyInjectionTestExecutionListener, org.springframework.test.context.support.DirtiesContextTestExecutionListener, org.springframework.test.context.transaction.TransactionalTestExecutionListener, org.springframework.test.context.jdbc.SqlScriptsTestExecutionListener]
2020-02-05 16:23:24,046 INFO [org.springframework.test.context.support.DefaultTestContextBootstrapper] - Using TestExecutionListeners: [org.springframework.test.context.web.ServletTestExecutionListener@724af044, org.springframework.test.context.support.DirtiesContextBeforeModesTestExecutionListener@4678c730, org.springframework.test.context.support.DependencyInjectionTestExecutionListener@6767c1fc, org.springframework.test.context.support.DirtiesContextTestExecutionListener@29ee9faa, org.springframework.test.context.transaction.TransactionalTestExecutionListener@c038203, org.springframework.test.context.jdbc.SqlScriptsTestExecutionListener@cc285f4]
2020-02-05 16:23:24,097 INFO [org.springframework.beans.factory.xml.XmlBeanDefinitionReader] - Loading XML bean definitions from class path resource [spring-context.xml]
2020-02-05 16:23:24,233 INFO [org.springframework.beans.factory.xml.XmlBeanDefinitionReader] - Loading XML bean definitions from class path resource [spring-context-druid.xml]
2020-02-05 16:23:24,255 INFO [org.springframework.beans.factory.xml.XmlBeanDefinitionReader] - Loading XML bean definitions from class path resource [spring-context-mybatis.xml]
2020-02-05 16:23:24,268 INFO [org.springframework.context.support.GenericApplicationContext] - Refreshing org.springframework.context.support.GenericApplicationContext@29ca901e: startup date [Wed Feb 05 16:23:24 CST 2020]; root of context hierarchy
2020-02-05 16:23:24,937 INFO [com.alibaba.druid.pool.DruidDataSource] - {dataSource-1} inited
2020-02-05 16:23:25,234 INFO [org.springframework.context.support.GenericApplicationContext] - Closing org.springframework.context.support.GenericApplicationContext@29ca901e: startup date [Wed Feb 05 16:23:24 CST 2020]; root of context hierarchy
2020-02-05 16:23:25,239 INFO [com.alibaba.druid.pool.DruidDataSource] - {dataSource-1} closed
2020-02-05 16:23:46,681 INFO [org.springframework.test.context.support.DefaultTestContextBootstrapper] - Loaded default TestExecutionListener class names from location [META-INF/spring.factories]: [org.springframework.test.context.web.ServletTestExecutionListener, org.springframework.test.context.support.DirtiesContextBeforeModesTestExecutionListener, org.springframework.test.context.support.DependencyInjectionTestExecutionListener, org.springframework.test.context.support.DirtiesContextTestExecutionListener, org.springframework.test.context.transaction.TransactionalTestExecutionListener, org.springframework.test.context.jdbc.SqlScriptsTestExecutionListener]
2020-02-05 16:23:46,693 INFO [org.springframework.test.context.support.DefaultTestContextBootstrapper] - Using TestExecutionListeners: [org.springframework.test.context.web.ServletTestExecutionListener@7fc2413d, org.springframework.test.context.support.DirtiesContextBeforeModesTestExecutionListener@f8c1ddd, org.springframework.test.context.support.DependencyInjectionTestExecutionListener@70be0a2b, org.springframework.test.context.support.DirtiesContextTestExecutionListener@2133814f, org.springframework.test.context.transaction.TransactionalTestExecutionListener@4c15e7fd, org.springframework.test.context.jdbc.SqlScriptsTestExecutionListener@23986957]
2020-02-05 16:23:46,757 INFO [org.springframework.beans.factory.xml.XmlBeanDefinitionReader] - Loading XML bean definitions from class path resource [spring-context.xml]
2020-02-05 16:23:46,909 INFO [org.springframework.beans.factory.xml.XmlBeanDefinitionReader] - Loading XML bean definitions from class path resource [spring-context-druid.xml]
2020-02-05 16:23:46,933 INFO [org.springframework.beans.factory.xml.XmlBeanDefinitionReader] - Loading XML bean definitions from class path resource [spring-context-mybatis.xml]
2020-02-05 16:23:46,946 INFO [org.springframework.context.support.GenericApplicationContext] - Refreshing org.springframework.context.support.GenericApplicationContext@1622f1b: startup date [Wed Feb 05 16:23:46 CST 2020]; root of context hierarchy
2020-02-05 16:23:47,665 INFO [com.alibaba.druid.pool.DruidDataSource] - {dataSource-1} inited
2020-02-05 16:24:50,454 INFO [org.springframework.context.support.GenericApplicationContext] - Closing org.springframework.context.support.GenericApplicationContext@1622f1b: startup date [Wed Feb 05 16:23:46 CST 2020]; root of context hierarchy
2020-02-05 16:24:50,459 INFO [com.alibaba.druid.pool.DruidDataSource] - {dataSource-1} closed
2020-02-05 16:24:53,137 INFO [org.springframework.test.context.support.DefaultTestContextBootstrapper] - Loaded default TestExecutionListener class names from location [META-INF/spring.factories]: [org.springframework.test.context.web.ServletTestExecutionListener, org.springframework.test.context.support.DirtiesContextBeforeModesTestExecutionListener, org.springframework.test.context.support.DependencyInjectionTestExecutionListener, org.springframework.test.context.support.DirtiesContextTestExecutionListener, org.springframework.test.context.transaction.TransactionalTestExecutionListener, org.springframework.test.context.jdbc.SqlScriptsTestExecutionListener]
2020-02-05 16:24:53,147 INFO [org.springframework.test.context.support.DefaultTestContextBootstrapper] - Using TestExecutionListeners: [org.springframework.test.context.web.ServletTestExecutionListener@724af044, org.springframework.test.context.support.DirtiesContextBeforeModesTestExecutionListener@4678c730, org.springframework.test.context.support.DependencyInjectionTestExecutionListener@6767c1fc, org.springframework.test.context.support.DirtiesContextTestExecutionListener@29ee9faa, org.springframework.test.context.transaction.TransactionalTestExecutionListener@c038203, org.springframework.test.context.jdbc.SqlScriptsTestExecutionListener@cc285f4]
2020-02-05 16:24:53,198 INFO [org.springframework.beans.factory.xml.XmlBeanDefinitionReader] - Loading XML bean definitions from class path resource [spring-context.xml]
2020-02-05 16:24:53,335 INFO [org.springframework.beans.factory.xml.XmlBeanDefinitionReader] - Loading XML bean definitions from class path resource [spring-context-druid.xml]
2020-02-05 16:24:53,356 INFO [org.springframework.beans.factory.xml.XmlBeanDefinitionReader] - Loading XML bean definitions from class path resource [spring-context-mybatis.xml]
2020-02-05 16:24:53,368 INFO [org.springframework.context.support.GenericApplicationContext] - Refreshing org.springframework.context.support.GenericApplicationContext@29ca901e: startup date [Wed Feb 05 16:24:53 CST 2020]; root of context hierarchy
2020-02-05 16:24:53,962 INFO [com.alibaba.druid.pool.DruidDataSource] - {dataSource-1} inited
2020-02-05 16:24:54,248 INFO [org.springframework.context.support.GenericApplicationContext] - Closing org.springframework.context.support.GenericApplicationContext@29ca901e: startup date [Wed Feb 05 16:24:53 CST 2020]; root of context hierarchy
2020-02-05 16:24:54,252 INFO [com.alibaba.druid.pool.DruidDataSource] - {dataSource-1} closed
2020-02-05 16:28:43,290 INFO [org.springframework.test.context.support.DefaultTestContextBootstrapper] - Loaded default TestExecutionListener class names from location [META-INF/spring.factories]: [org.springframework.test.context.web.ServletTestExecutionListener, org.springframework.test.context.support.DirtiesContextBeforeModesTestExecutionListener, org.springframework.test.context.support.DependencyInjectionTestExecutionListener, org.springframework.test.context.support.DirtiesContextTestExecutionListener, org.springframework.test.context.transaction.TransactionalTestExecutionListener, org.springframework.test.context.jdbc.SqlScriptsTestExecutionListener]
2020-02-05 16:28:43,302 INFO [org.springframework.test.context.support.DefaultTestContextBootstrapper] - Using TestExecutionListeners: [org.springframework.test.context.web.ServletTestExecutionListener@724af044, org.springframework.test.context.support.DirtiesContextBeforeModesTestExecutionListener@4678c730, org.springframework.test.context.support.DependencyInjectionTestExecutionListener@6767c1fc, org.springframework.test.context.support.DirtiesContextTestExecutionListener@29ee9faa, org.springframework.test.context.transaction.TransactionalTestExecutionListener@c038203, org.springframework.test.context.jdbc.SqlScriptsTestExecutionListener@cc285f4]
2020-02-05 16:28:43,368 INFO [org.springframework.beans.factory.xml.XmlBeanDefinitionReader] - Loading XML bean definitions from class path resource [spring-context.xml]
2020-02-05 16:28:43,515 INFO [org.springframework.beans.factory.xml.XmlBeanDefinitionReader] - Loading XML bean definitions from class path resource [spring-context-druid.xml]
2020-02-05 16:28:43,536 INFO [org.springframework.beans.factory.xml.XmlBeanDefinitionReader] - Loading XML bean definitions from class path resource [spring-context-mybatis.xml]
2020-02-05 16:28:43,550 INFO [org.springframework.context.support.GenericApplicationContext] - Refreshing org.springframework.context.support.GenericApplicationContext@29ca901e: startup date [Wed Feb 05 16:28:43 CST 2020]; root of context hierarchy
2020-02-05 16:28:44,301 INFO [com.alibaba.druid.pool.DruidDataSource] - {dataSource-1} inited
2020-02-05 16:28:44,589 INFO [org.springframework.context.support.GenericApplicationContext] - Closing org.springframework.context.support.GenericApplicationContext@29ca901e: startup date [Wed Feb 05 16:28:43 CST 2020]; root of context hierarchy
2020-02-05 16:28:44,593 INFO [com.alibaba.druid.pool.DruidDataSource] - {dataSource-1} closed
2020-02-05 16:31:33,680 INFO [org.springframework.test.context.support.DefaultTestContextBootstrapper] - Loaded default TestExecutionListener class names from location [META-INF/spring.factories]: [org.springframework.test.context.web.ServletTestExecutionListener, org.springframework.test.context.support.DirtiesContextBeforeModesTestExecutionListener, org.springframework.test.context.support.DependencyInjectionTestExecutionListener, org.springframework.test.context.support.DirtiesContextTestExecutionListener, org.springframework.test.context.transaction.TransactionalTestExecutionListener, org.springframework.test.context.jdbc.SqlScriptsTestExecutionListener]
2020-02-05 16:31:33,691 INFO [org.springframework.test.context.support.DefaultTestContextBootstrapper] - Using TestExecutionListeners: [org.springframework.test.context.web.ServletTestExecutionListener@724af044, org.springframework.test.context.support.DirtiesContextBeforeModesTestExecutionListener@4678c730, org.springframework.test.context.support.DependencyInjectionTestExecutionListener@6767c1fc, org.springframework.test.context.support.DirtiesContextTestExecutionListener@29ee9faa, org.springframework.test.context.transaction.TransactionalTestExecutionListener@c038203, org.springframework.test.context.jdbc.SqlScriptsTestExecutionListener@cc285f4]
2020-02-05 16:31:33,743 INFO [org.springframework.beans.factory.xml.XmlBeanDefinitionReader] - Loading XML bean definitions from class path resource [spring-context.xml]
2020-02-05 16:31:33,880 INFO [org.springframework.beans.factory.xml.XmlBeanDefinitionReader] - Loading XML bean definitions from class path resource [spring-context-druid.xml]
2020-02-05 16:31:33,901 INFO [org.springframework.beans.factory.xml.XmlBeanDefinitionReader] - Loading XML bean definitions from class path resource [spring-context-mybatis.xml]
2020-02-05 16:31:33,914 INFO [org.springframework.context.support.GenericApplicationContext] - Refreshing org.springframework.context.support.GenericApplicationContext@29ca901e: startup date [Wed Feb 05 16:31:33 CST 2020]; root of context hierarchy
2020-02-05 16:31:34,557 INFO [com.alibaba.druid.pool.DruidDataSource] - {dataSource-1} inited
2020-02-05 16:31:34,764 INFO [org.springframework.context.support.GenericApplicationContext] - Closing org.springframework.context.support.GenericApplicationContext@29ca901e: startup date [Wed Feb 05 16:31:33 CST 2020]; root of context hierarchy
2020-02-05 16:31:34,768 INFO [com.alibaba.druid.pool.DruidDataSource] - {dataSource-1} closed
2020-02-05 16:31:44,637 INFO [org.springframework.test.context.support.DefaultTestContextBootstrapper] - Loaded default TestExecutionListener class names from location [META-INF/spring.factories]: [org.springframework.test.context.web.ServletTestExecutionListener, org.springframework.test.context.support.DirtiesContextBeforeModesTestExecutionListener, org.springframework.test.context.support.DependencyInjectionTestExecutionListener, org.springframework.test.context.support.DirtiesContextTestExecutionListener, org.springframework.test.context.transaction.TransactionalTestExecutionListener, org.springframework.test.context.jdbc.SqlScriptsTestExecutionListener]
2020-02-05 16:31:44,648 INFO [org.springframework.test.context.support.DefaultTestContextBootstrapper] - Using TestExecutionListeners: [org.springframework.test.context.web.ServletTestExecutionListener@724af044, org.springframework.test.context.support.DirtiesContextBeforeModesTestExecutionListener@4678c730, org.springframework.test.context.support.DependencyInjectionTestExecutionListener@6767c1fc, org.springframework.test.context.support.DirtiesContextTestExecutionListener@29ee9faa, org.springframework.test.context.transaction.TransactionalTestExecutionListener@c038203, org.springframework.test.context.jdbc.SqlScriptsTestExecutionListener@cc285f4]
2020-02-05 16:31:44,703 INFO [org.springframework.beans.factory.xml.XmlBeanDefinitionReader] - Loading XML bean definitions from class path resource [spring-context.xml]
2020-02-05 16:31:44,842 INFO [org.springframework.beans.factory.xml.XmlBeanDefinitionReader] - Loading XML bean definitions from class path resource [spring-context-druid.xml]
2020-02-05 16:31:44,864 INFO [org.springframework.beans.factory.xml.XmlBeanDefinitionReader] - Loading XML bean definitions from class path resource [spring-context-mybatis.xml]
2020-02-05 16:31:44,877 INFO [org.springframework.context.support.GenericApplicationContext] - Refreshing org.springframework.context.support.GenericApplicationContext@29ca901e: startup date [Wed Feb 05 16:31:44 CST 2020]; root of context hierarchy
2020-02-05 16:31:45,866 INFO [com.alibaba.druid.pool.DruidDataSource] - {dataSource-1} inited
2020-02-05 16:31:46,140 INFO [org.springframework.context.support.GenericApplicationContext] - Closing org.springframework.context.support.GenericApplicationContext@29ca901e: startup date [Wed Feb 05 16:31:44 CST 2020]; root of context hierarchy
2020-02-05 16:31:46,143 INFO [com.alibaba.druid.pool.DruidDataSource] - {dataSource-1} closed
2020-02-05 16:32:54,346 INFO [org.springframework.test.context.support.DefaultTestContextBootstrapper] - Loaded default TestExecutionListener class names from location [META-INF/spring.factories]: [org.springframework.test.context.web.ServletTestExecutionListener, org.springframework.test.context.support.DirtiesContextBeforeModesTestExecutionListener, org.springframework.test.context.support.DependencyInjectionTestExecutionListener, org.springframework.test.context.support.DirtiesContextTestExecutionListener, org.springframework.test.context.transaction.TransactionalTestExecutionListener, org.springframework.test.context.jdbc.SqlScriptsTestExecutionListener]
2020-02-05 16:32:54,357 INFO [org.springframework.test.context.support.DefaultTestContextBootstrapper] - Using TestExecutionListeners: [org.springframework.test.context.web.ServletTestExecutionListener@724af044, org.springframework.test.context.support.DirtiesContextBeforeModesTestExecutionListener@4678c730, org.springframework.test.context.support.DependencyInjectionTestExecutionListener@6767c1fc, org.springframework.test.context.support.DirtiesContextTestExecutionListener@29ee9faa, org.springframework.test.context.transaction.TransactionalTestExecutionListener@c038203, org.springframework.test.context.jdbc.SqlScriptsTestExecutionListener@cc285f4]
2020-02-05 16:32:54,411 INFO [org.springframework.beans.factory.xml.XmlBeanDefinitionReader] - Loading XML bean definitions from class path resource [spring-context.xml]
2020-02-05 16:32:54,544 INFO [org.springframework.beans.factory.xml.XmlBeanDefinitionReader] - Loading XML bean definitions from class path resource [spring-context-druid.xml]
2020-02-05 16:32:54,564 INFO [org.springframework.beans.factory.xml.XmlBeanDefinitionReader] - Loading XML bean definitions from class path resource [spring-context-mybatis.xml]
2020-02-05 16:32:54,577 INFO [org.springframework.context.support.GenericApplicationContext] - Refreshing org.springframework.context.support.GenericApplicationContext@29ca901e: startup date [Wed Feb 05 16:32:54 CST 2020]; root of context hierarchy
2020-02-05 16:32:55,201 INFO [com.alibaba.druid.pool.DruidDataSource] - {dataSource-1} inited
2020-02-05 16:32:55,470 INFO [org.springframework.context.support.GenericApplicationContext] - Closing org.springframework.context.support.GenericApplicationContext@29ca901e: startup date [Wed Feb 05 16:32:54 CST 2020]; root of context hierarchy
2020-02-05 16:32:55,474 INFO [com.alibaba.druid.pool.DruidDataSource] - {dataSource-1} closed
2020-02-05 16:33:24,548 INFO [org.springframework.test.context.support.DefaultTestContextBootstrapper] - Loaded default TestExecutionListener class names from location [META-INF/spring.factories]: [org.springframework.test.context.web.ServletTestExecutionListener, org.springframework.test.context.support.DirtiesContextBeforeModesTestExecutionListener, org.springframework.test.context.support.DependencyInjectionTestExecutionListener, org.springframework.test.context.support.DirtiesContextTestExecutionListener, org.springframework.test.context.transaction.TransactionalTestExecutionListener, org.springframework.test.context.jdbc.SqlScriptsTestExecutionListener]
2020-02-05 16:33:24,561 INFO [org.springframework.test.context.support.DefaultTestContextBootstrapper] - Using TestExecutionListeners: [org.springframework.test.context.web.ServletTestExecutionListener@7fc2413d, org.springframework.test.context.support.DirtiesContextBeforeModesTestExecutionListener@f8c1ddd, org.springframework.test.context.support.DependencyInjectionTestExecutionListener@70be0a2b, org.springframework.test.context.support.DirtiesContextTestExecutionListener@2133814f, org.springframework.test.context.transaction.TransactionalTestExecutionListener@4c15e7fd, org.springframework.test.context.jdbc.SqlScriptsTestExecutionListener@23986957]
2020-02-05 16:33:24,623 INFO [org.springframework.beans.factory.xml.XmlBeanDefinitionReader] - Loading XML bean definitions from class path resource [spring-context.xml]
2020-02-05 16:33:24,771 INFO [org.springframework.beans.factory.xml.XmlBeanDefinitionReader] - Loading XML bean definitions from class path resource [spring-context-druid.xml]
2020-02-05 16:33:24,794 INFO [org.springframework.beans.factory.xml.XmlBeanDefinitionReader] - Loading XML bean definitions from class path resource [spring-context-mybatis.xml]
2020-02-05 16:33:24,809 INFO [org.springframework.context.support.GenericApplicationContext] - Refreshing org.springframework.context.support.GenericApplicationContext@1622f1b: startup date [Wed Feb 05 16:33:24 CST 2020]; root of context hierarchy
2020-02-05 16:33:25,627 INFO [com.alibaba.druid.pool.DruidDataSource] - {dataSource-1} inited
2020-02-05 16:33:39,464 INFO [org.springframework.test.context.support.DefaultTestContextBootstrapper] - Loaded default TestExecutionListener class names from location [META-INF/spring.factories]: [org.springframework.test.context.web.ServletTestExecutionListener, org.springframework.test.context.support.DirtiesContextBeforeModesTestExecutionListener, org.springframework.test.context.support.DependencyInjectionTestExecutionListener, org.springframework.test.context.support.DirtiesContextTestExecutionListener, org.springframework.test.context.transaction.TransactionalTestExecutionListener, org.springframework.test.context.jdbc.SqlScriptsTestExecutionListener]
2020-02-05 16:33:39,477 INFO [org.springframework.test.context.support.DefaultTestContextBootstrapper] - Using TestExecutionListeners: [org.springframework.test.context.web.ServletTestExecutionListener@2cbb3d47, org.springframework.test.context.support.DirtiesContextBeforeModesTestExecutionListener@527e5409, org.springframework.test.context.support.DependencyInjectionTestExecutionListener@1198b989, org.springframework.test.context.support.DirtiesContextTestExecutionListener@7ff95560, org.springframework.test.context.transaction.TransactionalTestExecutionListener@add0edd, org.springframework.test.context.jdbc.SqlScriptsTestExecutionListener@2aa3cd93]
2020-02-05 16:33:39,547 INFO [org.springframework.beans.factory.xml.XmlBeanDefinitionReader] - Loading XML bean definitions from class path resource [spring-context.xml]
2020-02-05 16:33:39,703 INFO [org.springframework.beans.factory.xml.XmlBeanDefinitionReader] - Loading XML bean definitions from class path resource [spring-context-druid.xml]
2020-02-05 16:33:39,728 INFO [org.springframework.beans.factory.xml.XmlBeanDefinitionReader] - Loading XML bean definitions from class path resource [spring-context-mybatis.xml]
2020-02-05 16:33:39,742 INFO [org.springframework.context.support.GenericApplicationContext] - Refreshing org.springframework.context.support.GenericApplicationContext@57c758ac: startup date [Wed Feb 05 16:33:39 CST 2020]; root of context hierarchy
2020-02-05 16:33:40,476 INFO [com.alibaba.druid.pool.DruidDataSource] - {dataSource-1} inited
2020-02-05 16:33:43,290 INFO [org.springframework.context.support.GenericApplicationContext] - Closing org.springframework.context.support.GenericApplicationContext@57c758ac: startup date [Wed Feb 05 16:33:39 CST 2020]; root of context hierarchy
2020-02-05 16:33:43,294 INFO [com.alibaba.druid.pool.DruidDataSource] - {dataSource-1} closed
2020-02-05 16:34:28,452 INFO [org.springframework.context.support.GenericApplicationContext] - Closing org.springframework.context.support.GenericApplicationContext@1622f1b: startup date [Wed Feb 05 16:33:24 CST 2020]; root of context hierarchy
2020-02-05 16:34:28,454 INFO [com.alibaba.druid.pool.DruidDataSource] - {dataSource-1} closed
2020-02-05 16:34:29,573 INFO [org.springframework.test.context.support.DefaultTestContextBootstrapper] - Loaded default TestExecutionListener class names from location [META-INF/spring.factories]: [org.springframework.test.context.web.ServletTestExecutionListener, org.springframework.test.context.support.DirtiesContextBeforeModesTestExecutionListener, org.springframework.test.context.support.DependencyInjectionTestExecutionListener, org.springframework.test.context.support.DirtiesContextTestExecutionListener, org.springframework.test.context.transaction.TransactionalTestExecutionListener, org.springframework.test.context.jdbc.SqlScriptsTestExecutionListener]
2020-02-05 16:34:29,584 INFO [org.springframework.test.context.support.DefaultTestContextBootstrapper] - Using TestExecutionListeners: [org.springframework.test.context.web.ServletTestExecutionListener@724af044, org.springframework.test.context.support.DirtiesContextBeforeModesTestExecutionListener@4678c730, org.springframework.test.context.support.DependencyInjectionTestExecutionListener@6767c1fc, org.springframework.test.context.support.DirtiesContextTestExecutionListener@29ee9faa, org.springframework.test.context.transaction.TransactionalTestExecutionListener@c038203, org.springframework.test.context.jdbc.SqlScriptsTestExecutionListener@cc285f4]
2020-02-05 16:34:29,634 INFO [org.springframework.beans.factory.xml.XmlBeanDefinitionReader] - Loading XML bean definitions from class path resource [spring-context.xml]
2020-02-05 16:34:29,767 INFO [org.springframework.beans.factory.xml.XmlBeanDefinitionReader] - Loading XML bean definitions from class path resource [spring-context-druid.xml]
2020-02-05 16:34:29,787 INFO [org.springframework.beans.factory.xml.XmlBeanDefinitionReader] - Loading XML bean definitions from class path resource [spring-context-mybatis.xml]
2020-02-05 16:34:29,799 INFO [org.springframework.context.support.GenericApplicationContext] - Refreshing org.springframework.context.support.GenericApplicationContext@29ca901e: startup date [Wed Feb 05 16:34:29 CST 2020]; root of context hierarchy
2020-02-05 16:34:30,584 INFO [com.alibaba.druid.pool.DruidDataSource] - {dataSource-1} inited
2020-02-05 16:34:30,875 INFO [org.springframework.beans.factory.xml.XmlBeanDefinitionReader] - Loading XML bean definitions from class path resource [org/springframework/jdbc/support/sql-error-codes.xml]
2020-02-05 16:34:30,895 INFO [org.springframework.jdbc.support.SQLErrorCodesFactory] - SQLErrorCodes loaded: [DB2, Derby, H2, HDB, HSQL, Informix, MS-SQL, MySQL, Oracle, PostgreSQL, Sybase]
2020-02-05 16:34:30,904 INFO [org.springframework.context.support.GenericApplicationContext] - Closing org.springframework.context.support.GenericApplicationContext@29ca901e: startup date [Wed Feb 05 16:34:29 CST 2020]; root of context hierarchy
2020-02-05 16:34:30,908 INFO [com.alibaba.druid.pool.DruidDataSource] - {dataSource-1} closed
2020-02-05 16:35:12,532 INFO [org.springframework.test.context.support.DefaultTestContextBootstrapper] - Loaded default TestExecutionListener class names from location [META-INF/spring.factories]: [org.springframework.test.context.web.ServletTestExecutionListener, org.springframework.test.context.support.DirtiesContextBeforeModesTestExecutionListener, org.springframework.test.context.support.DependencyInjectionTestExecutionListener, org.springframework.test.context.support.DirtiesContextTestExecutionListener, org.springframework.test.context.transaction.TransactionalTestExecutionListener, org.springframework.test.context.jdbc.SqlScriptsTestExecutionListener]
2020-02-05 16:35:12,544 INFO [org.springframework.test.context.support.DefaultTestContextBootstrapper] - Using TestExecutionListeners: [org.springframework.test.context.web.ServletTestExecutionListener@724af044, org.springframework.test.context.support.DirtiesContextBeforeModesTestExecutionListener@4678c730, org.springframework.test.context.support.DependencyInjectionTestExecutionListener@6767c1fc, org.springframework.test.context.support.DirtiesContextTestExecutionListener@29ee9faa, org.springframework.test.context.transaction.TransactionalTestExecutionListener@c038203, org.springframework.test.context.jdbc.SqlScriptsTestExecutionListener@cc285f4]
2020-02-05 16:35:12,593 INFO [org.springframework.beans.factory.xml.XmlBeanDefinitionReader] - Loading XML bean definitions from class path resource [spring-context.xml]
2020-02-05 16:35:12,728 INFO [org.springframework.beans.factory.xml.XmlBeanDefinitionReader] - Loading XML bean definitions from class path resource [spring-context-druid.xml]
2020-02-05 16:35:12,750 INFO [org.springframework.beans.factory.xml.XmlBeanDefinitionReader] - Loading XML bean definitions from class path resource [spring-context-mybatis.xml]
2020-02-05 16:35:12,763 INFO [org.springframework.context.support.GenericApplicationContext] - Refreshing org.springframework.context.support.GenericApplicationContext@29ca901e: startup date [Wed Feb 05 16:35:12 CST 2020]; root of context hierarchy
2020-02-05 16:35:13,369 INFO [com.alibaba.druid.pool.DruidDataSource] - {dataSource-1} inited
2020-02-05 16:35:13,624 INFO [org.springframework.context.support.GenericApplicationContext] - Closing org.springframework.context.support.GenericApplicationContext@29ca901e: startup date [Wed Feb 05 16:35:12 CST 2020]; root of context hierarchy
2020-02-05 16:35:13,629 INFO [com.alibaba.druid.pool.DruidDataSource] - {dataSource-1} closed
2020-02-05 16:51:53,539 INFO [org.springframework.test.context.support.DefaultTestContextBootstrapper] - Loaded default TestExecutionListener class names from location [META-INF/spring.factories]: [org.springframework.test.context.web.ServletTestExecutionListener, org.springframework.test.context.support.DirtiesContextBeforeModesTestExecutionListener, org.springframework.test.context.support.DependencyInjectionTestExecutionListener, org.springframework.test.context.support.DirtiesContextTestExecutionListener, org.springframework.test.context.transaction.TransactionalTestExecutionListener, org.springframework.test.context.jdbc.SqlScriptsTestExecutionListener]
2020-02-05 16:51:53,549 INFO [org.springframework.test.context.support.DefaultTestContextBootstrapper] - Using TestExecutionListeners: [org.springframework.test.context.web.ServletTestExecutionListener@724af044, org.springframework.test.context.support.DirtiesContextBeforeModesTestExecutionListener@4678c730, org.springframework.test.context.support.DependencyInjectionTestExecutionListener@6767c1fc, org.springframework.test.context.support.DirtiesContextTestExecutionListener@29ee9faa, org.springframework.test.context.transaction.TransactionalTestExecutionListener@c038203, org.springframework.test.context.jdbc.SqlScriptsTestExecutionListener@cc285f4]
2020-02-05 16:51:53,601 INFO [org.springframework.beans.factory.xml.XmlBeanDefinitionReader] - Loading XML bean definitions from class path resource [spring-context.xml]
2020-02-05 16:51:53,734 INFO [org.springframework.beans.factory.xml.XmlBeanDefinitionReader] - Loading XML bean definitions from class path resource [spring-context-druid.xml]
2020-02-05 16:51:53,754 INFO [org.springframework.beans.factory.xml.XmlBeanDefinitionReader] - Loading XML bean definitions from class path resource [spring-context-mybatis.xml]
2020-02-05 16:51:53,766 INFO [org.springframework.context.support.GenericApplicationContext] - Refreshing org.springframework.context.support.GenericApplicationContext@29ca901e: startup date [Wed Feb 05 16:51:53 CST 2020]; root of context hierarchy
2020-02-05 16:51:54,389 INFO [com.alibaba.druid.pool.DruidDataSource] - {dataSource-1} inited
2020-02-05 16:51:54,719 INFO [org.springframework.context.support.GenericApplicationContext] - Closing org.springframework.context.support.GenericApplicationContext@29ca901e: startup date [Wed Feb 05 16:51:53 CST 2020]; root of context hierarchy
2020-02-05 16:51:54,724 INFO [com.alibaba.druid.pool.DruidDataSource] - {dataSource-1} closed
2020-02-05 16:52:40,621 INFO [org.springframework.test.context.support.DefaultTestContextBootstrapper] - Loaded default TestExecutionListener class names from location [META-INF/spring.factories]: [org.springframework.test.context.web.ServletTestExecutionListener, org.springframework.test.context.support.DirtiesContextBeforeModesTestExecutionListener, org.springframework.test.context.support.DependencyInjectionTestExecutionListener, org.springframework.test.context.support.DirtiesContextTestExecutionListener, org.springframework.test.context.transaction.TransactionalTestExecutionListener, org.springframework.test.context.jdbc.SqlScriptsTestExecutionListener]
2020-02-05 16:52:40,678 INFO [org.springframework.test.context.support.DefaultTestContextBootstrapper] - Using TestExecutionListeners: [org.springframework.test.context.web.ServletTestExecutionListener@37e99c0f, org.springframework.test.context.support.DirtiesContextBeforeModesTestExecutionListener@29ae939c, org.springframework.test.context.support.DependencyInjectionTestExecutionListener@439acac0, org.springframework.test.context.support.DirtiesContextTestExecutionListener@6a8d638, org.springframework.test.context.transaction.TransactionalTestExecutionListener@7d5a3b06, org.springframework.test.context.jdbc.SqlScriptsTestExecutionListener@20b56542]
2020-02-05 16:52:41,279 INFO [org.springframework.beans.factory.xml.XmlBeanDefinitionReader] - Loading XML bean definitions from class path resource [spring-context.xml]
2020-02-05 16:52:42,094 INFO [org.springframework.beans.factory.xml.XmlBeanDefinitionReader] - Loading XML bean definitions from class path resource [spring-context-druid.xml]
2020-02-05 16:52:42,175 INFO [org.springframework.beans.factory.xml.XmlBeanDefinitionReader] - Loading XML bean definitions from class path resource [spring-context-mybatis.xml]
2020-02-05 16:52:42,198 INFO [org.springframework.context.support.GenericApplicationContext] - Refreshing org.springframework.context.support.GenericApplicationContext@2a6f3ac7: startup date [Wed Feb 05 16:52:42 CST 2020]; root of context hierarchy
2020-02-05 16:52:44,944 INFO [com.alibaba.druid.pool.DruidDataSource] - {dataSource-1} inited
2020-02-05 16:52:45,615 INFO [org.springframework.beans.factory.xml.XmlBeanDefinitionReader] - Loading XML bean definitions from class path resource [org/springframework/jdbc/support/sql-error-codes.xml]
2020-02-05 16:52:45,663 INFO [org.springframework.jdbc.support.SQLErrorCodesFactory] - SQLErrorCodes loaded: [DB2, Derby, H2, HDB, HSQL, Informix, MS-SQL, MySQL, Oracle, PostgreSQL, Sybase]
2020-02-05 16:52:45,682 INFO [org.springframework.context.support.GenericApplicationContext] - Closing org.springframework.context.support.GenericApplicationContext@2a6f3ac7: startup date [Wed Feb 05 16:52:42 CST 2020]; root of context hierarchy
2020-02-05 16:52:45,699 INFO [com.alibaba.druid.pool.DruidDataSource] - {dataSource-1} closed
